""2025-02-15 20:56:30" - filehaha - do_some - DEBUG - debug message"
""2025-02-15 20:56:30" - filehaha - do_some - WARNING - warn message"
""2025-02-15 20:56:30" - filehaha - do_some2 - DEBUG - debug message"
""2025-02-15 20:56:30" - filehaha - do_some3 - DEBUG - debug message"
""2025-02-15 20:56:30" - filehaha - do_some3 - WARNING - warn message"
""2025-02-15 20:56:30" - filehaha - do_some4 - DEBUG - debug message"
""2025-02-15 20:56:30" - filehaha - do_some2 - CRITICAL - critical message"
""2025-02-15 20:57:45" - filehaha - do_some - WARNING - warn message"
""2025-02-15 20:57:45" - filehaha - do_some3 - WARNING - warn message"
""2025-02-15 20:57:45" - filehaha - do_some2 - CRITICAL - critical message"
""2025-02-15 20:57:57" - filehaha - do_some - WARNING - warn message"
""2025-02-15 20:57:57" - filehaha - do_some3 - WARNING - warn message"
""2025-02-15 20:57:57" - filehaha - do_some2 - CRITICAL - critical message"
""2025-02-15 20:58:19" - filehaha - do_some - DEBUG - debug message"
""2025-02-15 20:58:19" - filehaha - do_some - WARNING - warn message"
""2025-02-15 20:58:19" - filehaha - do_some2 - DEBUG - debug message"
""2025-02-15 20:58:19" - filehaha - do_some3 - DEBUG - debug message"
""2025-02-15 20:58:19" - filehaha - do_some3 - WARNING - warn message"
""2025-02-15 20:58:19" - filehaha - do_some4 - DEBUG - debug message"
""2025-02-15 20:58:19" - filehaha - do_some2 - CRITICAL - critical message"
""2025-02-15 21:30:42" - logging_demo.logging_test1 - do_some - DEBUG - debug message"
""2025-02-15 21:30:42" - logging_demo.logging_test1 - do_some - WARNING - warn message"
""2025-02-15 21:30:42" - logging_demo.logging_test1 - do_some2 - DEBUG - debug message"
""2025-02-15 21:30:42" - logging_demo.logging_test2 - do_some3 - DEBUG - debug message"
""2025-02-15 21:30:42" - logging_demo.logging_test2 - do_some3 - WARNING - warn message"
""2025-02-15 21:30:42" - logging_demo.logging_test2 - do_some4 - DEBUG - debug message"
""2025-02-15 21:30:42" - logging_demo.logging_test1 - do_some2 - CRITICAL - critical message"
